# JRE version: OpenJDK Runtime Environment (9.0+181) (build 9+181)
# Java VM: OpenJDK 64-Bit Server VM (9+181, mixed mode, tiered, compressed oops, g1 gc, linux-amd64)
Heap:
 garbage-first heap   total 192512K, used 137928K [0x00000000cb400000, 0x00000000cb5005e0, 0x0000000100000000)
  region size 1024K, 61 young (62464K), 7 survivors (7168K)
 Metaspace       used 87508K, capacity 93701K, committed 105220K, reserved 1144832K
  class space    used 9534K, capacity 10557K, committed 10828K, reserved 1048576K
GC Heap History (10 events):
Event: 56,389 GC heap before
{Heap before GC invocations=93 (full 4):
 garbage-first heap   total 163840K, used 119005K [0x00000000cb400000, 0x00000000cb500500, 0x0000000100000000)
  region size 1024K, 47 young (48128K), 0 survivors (0K)
 Metaspace       used 80921K, capacity 84443K, committed 96004K, reserved 1136640K
  class space    used 8633K, capacity 9268K, committed 9548K, reserved 1048576K
}
Event: 56,409 GC heap after
{Heap after GC invocations=94 (full 4):
 garbage-first heap   total 163840K, used 75874K [0x00000000cb400000, 0x00000000cb500500, 0x0000000100000000)
  region size 1024K, 4 young (4096K), 4 survivors (4096K)
 Metaspace       used 80921K, capacity 84443K, committed 96004K, reserved 1136640K
  class space    used 8633K, capacity 9268K, committed 9548K, reserved 1048576K
}
Event: 57,065 GC heap before
{Heap before GC invocations=95 (full 4):
 garbage-first heap   total 163840K, used 144482K [0x00000000cb400000, 0x00000000cb500500, 0x0000000100000000)
  region size 1024K, 56 young (57344K), 4 survivors (4096K)
 Metaspace       used 82298K, capacity 87395K, committed 98820K, reserved 1138688K
  class space    used 8890K, capacity 9732K, committed 10060K, reserved 1048576K
}
Event: 57,095 GC heap after
{Heap after GC invocations=96 (full 4):
 garbage-first heap   total 163840K, used 77223K [0x00000000cb400000, 0x00000000cb500500, 0x0000000100000000)
  region size 1024K, 3 young (3072K), 3 survivors (3072K)
 Metaspace       used 82298K, capacity 87395K, committed 98820K, reserved 1138688K
  class space    used 8890K, capacity 9732K, committed 10060K, reserved 1048576K
}
Event: 57,977 GC heap before
{Heap before GC invocations=96 (full 4):
 garbage-first heap   total 163840K, used 130471K [0x00000000cb400000, 0x00000000cb500500, 0x0000000100000000)
  region size 1024K, 55 young (56320K), 3 survivors (3072K)
 Metaspace       used 83103K, capacity 88249K, committed 99588K, reserved 1138688K
  class space    used 8965K, capacity 9813K, committed 10060K, reserved 1048576K
}
Event: 58,004 GC heap after
{Heap after GC invocations=97 (full 4):
 garbage-first heap   total 163840K, used 77462K [0x00000000cb400000, 0x00000000cb500500, 0x0000000100000000)
  region size 1024K, 3 young (3072K), 3 survivors (3072K)
 Metaspace       used 83103K, capacity 88249K, committed 99588K, reserved 1138688K
  class space    used 8965K, capacity 9813K, committed 10060K, reserved 1048576K
}
Event: 58,745 GC heap before
{Heap before GC invocations=98 (full 4):
 garbage-first heap   total 163840K, used 132758K [0x00000000cb400000, 0x00000000cb500500, 0x0000000100000000)
  region size 1024K, 57 young (58368K), 3 survivors (3072K)
 Metaspace       used 84843K, capacity 90747K, committed 102020K, reserved 1140736K
  class space    used 9257K, capacity 10228K, committed 10444K, reserved 1048576K
}
Event: 58,769 GC heap after
{Heap after GC invocations=99 (full 4):
 garbage-first heap   total 192512K, used 81119K [0x00000000cb400000, 0x00000000cb5005e0, 0x0000000100000000)
  region size 1024K, 7 young (7168K), 7 survivors (7168K)
 Metaspace       used 84843K, capacity 90747K, committed 102020K, reserved 1140736K
  class space    used 9257K, capacity 10228K, committed 10444K, reserved 1048576K
}
Event: 63,004 GC heap before
{Heap before GC invocations=99 (full 4):
 garbage-first heap   total 192512K, used 147679K [0x00000000cb400000, 0x00000000cb5005e0, 0x0000000100000000)
  region size 1024K, 72 young (73728K), 7 survivors (7168K)
 Metaspace       used 86434K, capacity 92523K, committed 104068K, reserved 1142784K
  class space    used 9451K, capacity 10432K, committed 10700K, reserved 1048576K
}
Event: 63,019 GC heap after
{Heap after GC invocations=100 (full 4):
 garbage-first heap   total 192512K, used 83656K [0x00000000cb400000, 0x00000000cb5005e0, 0x0000000100000000)
  region size 1024K, 7 young (7168K), 7 survivors (7168K)
 Metaspace       used 86434K, capacity 92523K, committed 104068K, reserved 1142784K
  class space    used 9451K, capacity 10432K, committed 10700K, reserved 1048576K
}

